2026-03-12 15:33:48 - c.a.g.GestionatelierApplicationTests - Starting GestionatelierApplicationTests using Java 21.0.10 with PID 10607 (started by maitre in /home/maitre/G_atelier_coutur/gestionatelier)
2026-03-12 15:33:48 - c.a.g.GestionatelierApplicationTests - Running with Spring Boot v3.5.4, Spring v6.2.9
2026-03-12 15:33:48 - c.a.g.GestionatelierApplicationTests - No active profile set, falling back to 1 default profile: "default"
2026-03-12 15:33:49 - o.s.d.r.c.RepositoryConfigurationDelegate - Bootstrapping Spring Data JPA repositories in DEFAULT mode.
2026-03-12 15:33:50 - o.s.d.r.c.RepositoryConfigurationDelegate - Finished Spring Data repository scanning in 126 ms. Found 10 JPA repository interfaces.
2026-03-12 15:33:51 - o.s.o.j.LocalContainerEntityManagerFactoryBean - Building JPA container EntityManagerFactory for persistence unit 'default'
2026-03-12 15:33:51 - o.h.jpa.internal.util.LogHelper - HHH000204: Processing PersistenceUnitInfo [name: default]
2026-03-12 15:33:51 - org.hibernate.Version - HHH000412: Hibernate ORM core version 6.6.22.Final
2026-03-12 15:33:51 - o.h.c.i.RegionFactoryInitiator - HHH000026: Second-level cache disabled
2026-03-12 15:33:51 - o.s.o.j.p.SpringPersistenceUnitInfo - No LoadTimeWeaver setup: ignoring JPA class transformer
2026-03-12 15:33:51 - com.zaxxer.hikari.HikariDataSource - HikariPool-1 - Starting...
2026-03-12 15:33:52 - com.zaxxer.hikari.pool.HikariPool - HikariPool-1 - Added connection org.postgresql.jdbc.PgConnection@68454ed5
2026-03-12 15:33:52 - com.zaxxer.hikari.HikariDataSource - HikariPool-1 - Start completed.
2026-03-12 15:33:52 - org.hibernate.orm.deprecation - HHH90000025: PostgreSQLDialect does not need to be specified explicitly using 'hibernate.dialect' (remove the property setting and it will be selected by default)
2026-03-12 15:33:52 - o.hibernate.orm.connections.pooling - HHH10001005: Database info:
	Database JDBC URL [Connecting through datasource 'HikariDataSource (HikariPool-1)']
	Database driver: undefined/unknown
	Database version: 16.11
	Autocommit mode: undefined/unknown
	Isolation level: undefined/unknown
	Minimum pool size: undefined/unknown
	Maximum pool size: undefined/unknown
2026-03-12 15:33:54 - o.h.e.t.j.p.i.JtaPlatformInitiator - HHH000489: No JTA platform available (set 'hibernate.transaction.jta.platform' to enable JTA platform integration)
2026-03-12 15:33:55 - o.s.o.j.LocalContainerEntityManagerFactoryBean - Initialized JPA EntityManagerFactory for persistence unit 'default'
2026-03-12 15:33:55 - o.s.d.j.r.query.QueryEnhancerFactory - Hibernate is in classpath; If applicable, HQL parser will be used.
2026-03-12 15:33:56 - org.hibernate.orm.deprecation - HHH90000021: Encountered deprecated setting [javax.persistence.query.timeout], use [jakarta.persistence.query.timeout] instead
2026-03-12 15:33:56 - org.hibernate.orm.deprecation - HHH90000021: Encountered deprecated setting [javax.persistence.query.timeout], use [jakarta.persistence.query.timeout] instead
2026-03-12 15:33:56 - org.hibernate.orm.deprecation - HHH90000021: Encountered deprecated setting [javax.persistence.query.timeout], use [jakarta.persistence.query.timeout] instead
2026-03-12 15:33:56 - org.hibernate.orm.deprecation - HHH90000021: Encountered deprecated setting [javax.persistence.query.timeout], use [jakarta.persistence.query.timeout] instead
2026-03-12 15:33:56 - org.hibernate.orm.deprecation - HHH90000021: Encountered deprecated setting [javax.persistence.query.timeout], use [jakarta.persistence.query.timeout] instead
2026-03-12 15:33:57 - org.hibernate.orm.deprecation - HHH90000021: Encountered deprecated setting [javax.persistence.query.timeout], use [jakarta.persistence.query.timeout] instead
2026-03-12 15:33:57 - org.hibernate.orm.deprecation - HHH90000021: Encountered deprecated setting [javax.persistence.query.timeout], use [jakarta.persistence.query.timeout] instead
2026-03-12 15:33:57 - org.hibernate.orm.deprecation - HHH90000021: Encountered deprecated setting [javax.persistence.query.timeout], use [jakarta.persistence.query.timeout] instead
2026-03-12 15:33:57 - org.hibernate.orm.deprecation - HHH90000021: Encountered deprecated setting [javax.persistence.query.timeout], use [jakarta.persistence.query.timeout] instead
2026-03-12 15:33:57 - org.hibernate.orm.deprecation - HHH90000021: Encountered deprecated setting [javax.persistence.query.timeout], use [jakarta.persistence.query.timeout] instead
2026-03-12 15:33:57 - org.hibernate.orm.deprecation - HHH90000021: Encountered deprecated setting [javax.persistence.query.timeout], use [jakarta.persistence.query.timeout] instead
2026-03-12 15:33:57 - org.hibernate.orm.deprecation - HHH90000021: Encountered deprecated setting [javax.persistence.query.timeout], use [jakarta.persistence.query.timeout] instead
2026-03-12 15:33:57 - org.hibernate.orm.deprecation - HHH90000021: Encountered deprecated setting [javax.persistence.query.timeout], use [jakarta.persistence.query.timeout] instead
2026-03-12 15:33:57 - org.hibernate.orm.deprecation - HHH90000021: Encountered deprecated setting [javax.persistence.query.timeout], use [jakarta.persistence.query.timeout] instead
2026-03-12 15:33:58 - org.hibernate.orm.deprecation - HHH90000021: Encountered deprecated setting [javax.persistence.query.timeout], use [jakarta.persistence.query.timeout] instead
2026-03-12 15:33:58 - org.hibernate.orm.deprecation - HHH90000021: Encountered deprecated setting [javax.persistence.query.timeout], use [jakarta.persistence.query.timeout] instead
2026-03-12 15:33:58 - org.hibernate.orm.deprecation - HHH90000021: Encountered deprecated setting [javax.persistence.query.timeout], use [jakarta.persistence.query.timeout] instead
2026-03-12 15:33:58 - org.hibernate.orm.deprecation - HHH90000021: Encountered deprecated setting [javax.persistence.query.timeout], use [jakarta.persistence.query.timeout] instead
2026-03-12 15:33:58 - org.hibernate.orm.deprecation - HHH90000021: Encountered deprecated setting [javax.persistence.query.timeout], use [jakarta.persistence.query.timeout] instead
2026-03-12 15:33:58 - org.hibernate.orm.deprecation - HHH90000021: Encountered deprecated setting [javax.persistence.query.timeout], use [jakarta.persistence.query.timeout] instead
2026-03-12 15:33:58 - org.hibernate.orm.deprecation - HHH90000021: Encountered deprecated setting [javax.persistence.query.timeout], use [jakarta.persistence.query.timeout] instead
2026-03-12 15:33:58 - org.hibernate.orm.deprecation - HHH90000021: Encountered deprecated setting [javax.persistence.query.timeout], use [jakarta.persistence.query.timeout] instead
2026-03-12 15:33:58 - o.s.s.c.a.a.c.InitializeUserDetailsBeanManagerConfigurer$InitializeUserDetailsManagerConfigurer - Global AuthenticationManager configured with UserDetailsService bean with name userDetailsServiceImpl
2026-03-12 15:33:58 - org.hibernate.orm.deprecation - HHH90000021: Encountered deprecated setting [javax.persistence.query.timeout], use [jakarta.persistence.query.timeout] instead
2026-03-12 15:33:58 - org.hibernate.orm.deprecation - HHH90000021: Encountered deprecated setting [javax.persistence.query.timeout], use [jakarta.persistence.query.timeout] instead
2026-03-12 15:33:58 - org.hibernate.orm.deprecation - HHH90000021: Encountered deprecated setting [javax.persistence.query.timeout], use [jakarta.persistence.query.timeout] instead
2026-03-12 15:33:58 - org.hibernate.orm.deprecation - HHH90000021: Encountered deprecated setting [javax.persistence.query.timeout], use [jakarta.persistence.query.timeout] instead
2026-03-12 15:33:58 - org.hibernate.orm.deprecation - HHH90000021: Encountered deprecated setting [javax.persistence.query.timeout], use [jakarta.persistence.query.timeout] instead
2026-03-12 15:33:58 - org.hibernate.orm.deprecation - HHH90000021: Encountered deprecated setting [javax.persistence.query.timeout], use [jakarta.persistence.query.timeout] instead
2026-03-12 15:33:58 - org.hibernate.orm.deprecation - HHH90000021: Encountered deprecated setting [javax.persistence.query.timeout], use [jakarta.persistence.query.timeout] instead
2026-03-12 15:33:58 - org.hibernate.orm.deprecation - HHH90000021: Encountered deprecated setting [javax.persistence.query.timeout], use [jakarta.persistence.query.timeout] instead
2026-03-12 15:33:58 - org.hibernate.orm.deprecation - HHH90000021: Encountered deprecated setting [javax.persistence.query.timeout], use [jakarta.persistence.query.timeout] instead
2026-03-12 15:33:58 - org.hibernate.orm.deprecation - HHH90000021: Encountered deprecated setting [javax.persistence.query.timeout], use [jakarta.persistence.query.timeout] instead
2026-03-12 15:33:58 - org.hibernate.orm.deprecation - HHH90000021: Encountered deprecated setting [javax.persistence.query.timeout], use [jakarta.persistence.query.timeout] instead
2026-03-12 15:33:58 - org.hibernate.orm.deprecation - HHH90000021: Encountered deprecated setting [javax.persistence.query.timeout], use [jakarta.persistence.query.timeout] instead
2026-03-12 15:33:58 - org.hibernate.orm.deprecation - HHH90000021: Encountered deprecated setting [javax.persistence.query.timeout], use [jakarta.persistence.query.timeout] instead
2026-03-12 15:33:59 - o.s.b.a.o.j.JpaBaseConfiguration$JpaWebConfiguration - spring.jpa.open-in-view is enabled by default. Therefore, database queries may be performed during view rendering. Explicitly configure spring.jpa.open-in-view to disable this warning
2026-03-12 15:33:59 - o.s.s.web.DefaultSecurityFilterChain - Will secure any request with filters: DisableEncodeUrlFilter, WebAsyncManagerIntegrationFilter, SecurityContextHolderFilter, HeaderWriterFilter, CorsFilter, LogoutFilter, JwtAuthenticationFilter, SubscriptionAccessFilter, RequestCacheAwareFilter, SecurityContextHolderAwareRequestFilter, AnonymousAuthenticationFilter, SessionManagementFilter, ExceptionTranslationFilter, AuthorizationFilter
2026-03-12 15:34:00 - o.s.b.a.t.ThymeleafAutoConfiguration$DefaultTemplateResolverConfiguration - Cannot find template location: classpath:/templates/ (please add some templates, check your Thymeleaf configuration, or set spring.thymeleaf.check-template-location=false)
2026-03-12 15:34:00 - c.a.g.GestionatelierApplicationTests - Started GestionatelierApplicationTests in 12.114 seconds (process running for 13.567)
2026-03-12 15:34:00 - c.a.g.c.SubscriptionSchemaInitializer - Initialisation module abonnement ignorée: StatementCallback; bad SQL grammar [SELECT COUNT(1) FROM information_schema.tables WHERE table_schema = DATABASE() AND table_name = 'abonnement_boutique']
2026-03-12 15:34:00 - o.s.orm.jpa.JpaTransactionManager - Creating new transaction with name [com.atelier.gestionatelier.services.PermissionService.initializeDefaultPermissions]: PROPAGATION_REQUIRED,ISOLATION_DEFAULT
2026-03-12 15:34:00 - o.s.orm.jpa.JpaTransactionManager - Opened new EntityManager [SessionImpl(1875810912<open>)] for JPA transaction
2026-03-12 15:34:00 - o.s.orm.jpa.JpaTransactionManager - Exposing JPA transaction as JDBC [org.springframework.orm.jpa.vendor.HibernateJpaDialect$HibernateConnectionHandle@1f4e8af1]
2026-03-12 15:34:00 - c.a.g.services.PermissionService - Début de l'initialisation des permissions par défaut
2026-03-12 15:34:00 - org.hibernate.orm.deprecation - HHH90000021: Encountered deprecated setting [javax.persistence.query.timeout], use [jakarta.persistence.query.timeout] instead
2026-03-12 15:34:00 - org.hibernate.SQL - 
    select
        p1_0.id 
    from
        permissions p1_0 
    where
        p1_0.code=? 
    fetch
        first ? rows only
2026-03-12 15:34:00 - org.hibernate.orm.deprecation - HHH90000021: Encountered deprecated setting [javax.persistence.query.timeout], use [jakarta.persistence.query.timeout] instead
2026-03-12 15:34:00 - org.hibernate.SQL - 
    select
        p1_0.id 
    from
        permissions p1_0 
    where
        p1_0.code=? 
    fetch
        first ? rows only
2026-03-12 15:34:00 - org.hibernate.orm.deprecation - HHH90000021: Encountered deprecated setting [javax.persistence.query.timeout], use [jakarta.persistence.query.timeout] instead
2026-03-12 15:34:00 - org.hibernate.SQL - 
    select
        p1_0.id 
    from
        permissions p1_0 
    where
        p1_0.code=? 
    fetch
        first ? rows only
2026-03-12 15:34:00 - org.hibernate.orm.deprecation - HHH90000021: Encountered deprecated setting [javax.persistence.query.timeout], use [jakarta.persistence.query.timeout] instead
2026-03-12 15:34:00 - org.hibernate.SQL - 
    select
        p1_0.id 
    from
        permissions p1_0 
    where
        p1_0.code=? 
    fetch
        first ? rows only
2026-03-12 15:34:00 - org.hibernate.orm.deprecation - HHH90000021: Encountered deprecated setting [javax.persistence.query.timeout], use [jakarta.persistence.query.timeout] instead
2026-03-12 15:34:00 - org.hibernate.SQL - 
    select
        p1_0.id 
    from
        permissions p1_0 
    where
        p1_0.code=? 
    fetch
        first ? rows only
2026-03-12 15:34:00 - org.hibernate.orm.deprecation - HHH90000021: Encountered deprecated setting [javax.persistence.query.timeout], use [jakarta.persistence.query.timeout] instead
2026-03-12 15:34:00 - org.hibernate.SQL - 
    select
        p1_0.id 
    from
        permissions p1_0 
    where
        p1_0.code=? 
    fetch
        first ? rows only
2026-03-12 15:34:00 - org.hibernate.orm.deprecation - HHH90000021: Encountered deprecated setting [javax.persistence.query.timeout], use [jakarta.persistence.query.timeout] instead
2026-03-12 15:34:00 - org.hibernate.SQL - 
    select
        p1_0.id 
    from
        permissions p1_0 
    where
        p1_0.code=? 
    fetch
        first ? rows only
2026-03-12 15:34:00 - org.hibernate.orm.deprecation - HHH90000021: Encountered deprecated setting [javax.persistence.query.timeout], use [jakarta.persistence.query.timeout] instead
2026-03-12 15:34:00 - org.hibernate.SQL - 
    select
        p1_0.id 
    from
        permissions p1_0 
    where
        p1_0.code=? 
    fetch
        first ? rows only
2026-03-12 15:34:00 - org.hibernate.orm.deprecation - HHH90000021: Encountered deprecated setting [javax.persistence.query.timeout], use [jakarta.persistence.query.timeout] instead
2026-03-12 15:34:00 - org.hibernate.SQL - 
    select
        p1_0.id 
    from
        permissions p1_0 
    where
        p1_0.code=? 
    fetch
        first ? rows only
2026-03-12 15:34:00 - org.hibernate.orm.deprecation - HHH90000021: Encountered deprecated setting [javax.persistence.query.timeout], use [jakarta.persistence.query.timeout] instead
2026-03-12 15:34:00 - org.hibernate.SQL - 
    select
        p1_0.id 
    from
        permissions p1_0 
    where
        p1_0.code=? 
    fetch
        first ? rows only
2026-03-12 15:34:00 - org.hibernate.orm.deprecation - HHH90000021: Encountered deprecated setting [javax.persistence.query.timeout], use [jakarta.persistence.query.timeout] instead
2026-03-12 15:34:00 - org.hibernate.SQL - 
    select
        p1_0.id 
    from
        permissions p1_0 
    where
        p1_0.code=? 
    fetch
        first ? rows only
2026-03-12 15:34:00 - org.hibernate.orm.deprecation - HHH90000021: Encountered deprecated setting [javax.persistence.query.timeout], use [jakarta.persistence.query.timeout] instead
2026-03-12 15:34:00 - org.hibernate.SQL - 
    select
        p1_0.id 
    from
        permissions p1_0 
    where
        p1_0.code=? 
    fetch
        first ? rows only
2026-03-12 15:34:00 - org.hibernate.orm.deprecation - HHH90000021: Encountered deprecated setting [javax.persistence.query.timeout], use [jakarta.persistence.query.timeout] instead
2026-03-12 15:34:00 - org.hibernate.SQL - 
    select
        p1_0.id 
    from
        permissions p1_0 
    where
        p1_0.code=? 
    fetch
        first ? rows only
2026-03-12 15:34:00 - org.hibernate.orm.deprecation - HHH90000021: Encountered deprecated setting [javax.persistence.query.timeout], use [jakarta.persistence.query.timeout] instead
2026-03-12 15:34:00 - org.hibernate.SQL - 
    select
        p1_0.id 
    from
        permissions p1_0 
    where
        p1_0.code=? 
    fetch
        first ? rows only
2026-03-12 15:34:00 - org.hibernate.orm.deprecation - HHH90000021: Encountered deprecated setting [javax.persistence.query.timeout], use [jakarta.persistence.query.timeout] instead
2026-03-12 15:34:00 - org.hibernate.SQL - 
    select
        p1_0.id 
    from
        permissions p1_0 
    where
        p1_0.code=? 
    fetch
        first ? rows only
2026-03-12 15:34:00 - org.hibernate.orm.deprecation - HHH90000021: Encountered deprecated setting [javax.persistence.query.timeout], use [jakarta.persistence.query.timeout] instead
2026-03-12 15:34:00 - org.hibernate.SQL - 
    select
        p1_0.id 
    from
        permissions p1_0 
    where
        p1_0.code=? 
    fetch
        first ? rows only
2026-03-12 15:34:00 - org.hibernate.orm.deprecation - HHH90000021: Encountered deprecated setting [javax.persistence.query.timeout], use [jakarta.persistence.query.timeout] instead
2026-03-12 15:34:00 - org.hibernate.SQL - 
    select
        p1_0.id 
    from
        permissions p1_0 
    where
        p1_0.code=? 
    fetch
        first ? rows only
2026-03-12 15:34:00 - org.hibernate.orm.deprecation - HHH90000021: Encountered deprecated setting [javax.persistence.query.timeout], use [jakarta.persistence.query.timeout] instead
2026-03-12 15:34:00 - org.hibernate.SQL - 
    select
        p1_0.id 
    from
        permissions p1_0 
    where
        p1_0.code=? 
    fetch
        first ? rows only
2026-03-12 15:34:00 - org.hibernate.orm.deprecation - HHH90000021: Encountered deprecated setting [javax.persistence.query.timeout], use [jakarta.persistence.query.timeout] instead
2026-03-12 15:34:00 - org.hibernate.SQL - 
    select
        p1_0.id 
    from
        permissions p1_0 
    where
        p1_0.code=? 
    fetch
        first ? rows only
2026-03-12 15:34:00 - org.hibernate.orm.deprecation - HHH90000021: Encountered deprecated setting [javax.persistence.query.timeout], use [jakarta.persistence.query.timeout] instead
2026-03-12 15:34:00 - org.hibernate.SQL - 
    select
        p1_0.id 
    from
        permissions p1_0 
    where
        p1_0.code=? 
    fetch
        first ? rows only
2026-03-12 15:34:00 - org.hibernate.orm.deprecation - HHH90000021: Encountered deprecated setting [javax.persistence.query.timeout], use [jakarta.persistence.query.timeout] instead
2026-03-12 15:34:00 - org.hibernate.SQL - 
    select
        p1_0.id 
    from
        permissions p1_0 
    where
        p1_0.code=? 
    fetch
        first ? rows only
2026-03-12 15:34:00 - org.hibernate.orm.deprecation - HHH90000021: Encountered deprecated setting [javax.persistence.query.timeout], use [jakarta.persistence.query.timeout] instead
2026-03-12 15:34:00 - org.hibernate.SQL - 
    select
        p1_0.id 
    from
        permissions p1_0 
    where
        p1_0.code=? 
    fetch
        first ? rows only
2026-03-12 15:34:00 - org.hibernate.orm.deprecation - HHH90000021: Encountered deprecated setting [javax.persistence.query.timeout], use [jakarta.persistence.query.timeout] instead
2026-03-12 15:34:00 - org.hibernate.SQL - 
    select
        p1_0.id 
    from
        permissions p1_0 
    where
        p1_0.code=? 
    fetch
        first ? rows only
2026-03-12 15:34:00 - org.hibernate.orm.deprecation - HHH90000021: Encountered deprecated setting [javax.persistence.query.timeout], use [jakarta.persistence.query.timeout] instead
2026-03-12 15:34:00 - org.hibernate.SQL - 
    select
        p1_0.id 
    from
        permissions p1_0 
    where
        p1_0.code=? 
    fetch
        first ? rows only
2026-03-12 15:34:00 - org.hibernate.orm.deprecation - HHH90000021: Encountered deprecated setting [javax.persistence.query.timeout], use [jakarta.persistence.query.timeout] instead
2026-03-12 15:34:00 - org.hibernate.SQL - 
    select
        p1_0.id 
    from
        permissions p1_0 
    where
        p1_0.code=? 
    fetch
        first ? rows only
2026-03-12 15:34:00 - org.hibernate.orm.deprecation - HHH90000021: Encountered deprecated setting [javax.persistence.query.timeout], use [jakarta.persistence.query.timeout] instead
2026-03-12 15:34:00 - org.hibernate.SQL - 
    select
        p1_0.id 
    from
        permissions p1_0 
    where
        p1_0.code=? 
    fetch
        first ? rows only
2026-03-12 15:34:00 - org.hibernate.orm.deprecation - HHH90000021: Encountered deprecated setting [javax.persistence.query.timeout], use [jakarta.persistence.query.timeout] instead
2026-03-12 15:34:00 - org.hibernate.SQL - 
    select
        p1_0.id 
    from
        permissions p1_0 
    where
        p1_0.code=? 
    fetch
        first ? rows only
2026-03-12 15:34:00 - org.hibernate.orm.deprecation - HHH90000021: Encountered deprecated setting [javax.persistence.query.timeout], use [jakarta.persistence.query.timeout] instead
2026-03-12 15:34:00 - org.hibernate.SQL - 
    select
        p1_0.id 
    from
        permissions p1_0 
    where
        p1_0.code=? 
    fetch
        first ? rows only
2026-03-12 15:34:00 - org.hibernate.orm.deprecation - HHH90000021: Encountered deprecated setting [javax.persistence.query.timeout], use [jakarta.persistence.query.timeout] instead
2026-03-12 15:34:00 - org.hibernate.SQL - 
    select
        p1_0.id 
    from
        permissions p1_0 
    where
        p1_0.code=? 
    fetch
        first ? rows only
2026-03-12 15:34:00 - c.a.g.services.PermissionService - Initialisation des permissions par défaut terminée. 0 nouvelles permissions créées.
2026-03-12 15:34:00 - o.s.orm.jpa.JpaTransactionManager - Initiating transaction commit
2026-03-12 15:34:00 - o.s.orm.jpa.JpaTransactionManager - Committing JPA transaction on EntityManager [SessionImpl(1875810912<open>)]
2026-03-12 15:34:00 - o.s.orm.jpa.JpaTransactionManager - Closing JPA EntityManager [SessionImpl(1875810912<open>)] after transaction
2026-03-12 15:34:00 - o.s.o.j.SharedEntityManagerCreator$SharedEntityManagerInvocationHandler - Creating new EntityManager for shared EntityManager invocation
2026-03-12 15:34:00 - org.hibernate.orm.deprecation - HHH90000021: Encountered deprecated setting [javax.persistence.query.timeout], use [jakarta.persistence.query.timeout] instead
2026-03-12 15:34:00 - org.hibernate.SQL - 
    select
        u1_0.id,
        u1_0.actif,
        u1_0.atelier_id,
        u1_0.email,
        u1_0.mot_de_passe,
        u1_0.nom,
        u1_0.photo_path,
        u1_0.prenom,
        u1_0.role 
    from
        utilisateur u1_0 
    where
        u1_0.email=?
2026-03-12 15:34:00 - org.hibernate.SQL - 
    select
        p1_0.utilisateur_id,
        p1_1.id,
        p1_1.code,
        p1_1.description 
    from
        utilisateur_permissions p1_0 
    join
        permissions p1_1 
            on p1_1.id=p1_0.permission_id 
    where
        p1_0.utilisateur_id=?
2026-03-12 15:34:01 - o.s.o.j.LocalContainerEntityManagerFactoryBean - Closing JPA EntityManagerFactory for persistence unit 'default'
2026-03-12 15:34:01 - com.zaxxer.hikari.HikariDataSource - HikariPool-1 - Shutdown initiated...
2026-03-12 15:34:01 - com.zaxxer.hikari.HikariDataSource - HikariPool-1 - Shutdown completed.
